<?xml version="1.0" encoding="UTF-8"?>
<!-- Generated by org.testng.reporters.JUnitXMLReporter -->
<testsuite hostname="MacBook-Pro.local" ignored="9" name="Smoke Test" tests="4" failures="0" timestamp="12 Oct 2020 04:43:26 GMT" time="49.936" errors="0">
  <testcase name="hanleCustemerType" time="1.421" classname="com.qa.verizon.tests.PreOrderPageTest"/>
  <testcase name="clickSmartPhones" time="3.303" classname="com.qa.verizon.tests.MainPageTest"/>
  <testcase name="selectPhone" time="1.082" classname="com.qa.verizon.tests.SmartPhoneTestPage"/>
  <testcase name="handleZipCode" time="3.718" classname="com.qa.verizon.tests.PreOrderPageTest"/>
  <testcase name="getTitle" time="0.0" classname="com.qa.verizon.tests.PreOrderPageTest">
    <ignored/>
  </testcase> <!-- getTitle -->
  <testcase name="selectPhoneFeature" time="0.0" classname="com.qa.verizon.tests.PreOrderPageTest">
    <ignored/>
  </testcase> <!-- selectPhoneFeature -->
  <testcase name="verfySelectedPhone" time="0.0" classname="com.qa.verizon.tests.CartPageTest">
    <ignored/>
  </testcase> <!-- verfySelectedPhone -->
  <testcase name="goShop" time="0.0" classname="com.qa.verizon.tests.MainPageTest">
    <ignored/>
  </testcase> <!-- goShop -->
  <testcase name="verifyURL" time="0.0" classname="com.qa.verizon.tests.CartPageTest">
    <ignored/>
  </testcase> <!-- verifyURL -->
  <testcase name="verfyURL" time="0.0" classname="com.qa.verizon.tests.PreOrderPageTest">
    <ignored/>
  </testcase> <!-- verfyURL -->
  <testcase name="getURL" time="0.0" classname="com.qa.verizon.tests.SmartPhoneTestPage">
    <ignored/>
  </testcase> <!-- getURL -->
  <testcase name="getTitle" time="0.0" classname="com.qa.verizon.tests.SmartPhoneTestPage">
    <ignored/>
  </testcase> <!-- getTitle -->
  <testcase name="getPageTitle" time="0.0" classname="com.qa.verizon.tests.MainPageTest">
    <ignored/>
  </testcase> <!-- getPageTitle -->
</testsuite> <!-- Smoke Test -->
