<?xml version="1.0" encoding="UTF-8"?>
<!-- Generated by org.testng.reporters.JUnitXMLReporter -->
<testsuite hostname="MacBook-Pro.local" ignored="0" name="Regression Test" tests="13" failures="0" timestamp="13 Oct 2020 23:10:39 GMT" time="136.154" errors="0">
  <testcase name="getPageTitle" time="0.02" classname="com.qa.verizon.tests.MainPageTest"/>
  <testcase name="getURL" time="0.028" classname="com.qa.verizon.tests.SmartPhoneTestPage"/>
  <testcase name="verifyURL" time="0.415" classname="com.qa.verizon.tests.CartPageTest"/>
  <testcase name="getTitle" time="3.044" classname="com.qa.verizon.tests.PhoneTest"/>
  <testcase name="goShop" time="0.235" classname="com.qa.verizon.tests.MainPageTest"/>
  <testcase name="getTitle" time="0.038" classname="com.qa.verizon.tests.SmartPhoneTestPage"/>
  <testcase name="verfySelectedPhone" time="1.858" classname="com.qa.verizon.tests.CartPageTest"/>
  <testcase name="verfyURL" time="0.007" classname="com.qa.verizon.tests.PhoneTest"/>
  <testcase name="clickSmartPhones" time="2.114" classname="com.qa.verizon.tests.MainPageTest"/>
  <testcase name="selectPhone" time="1.446" classname="com.qa.verizon.tests.SmartPhoneTestPage"/>
  <testcase name="selectPhoneFeature" time="1.973" classname="com.qa.verizon.tests.PhoneTest"/>
  <testcase name="handleZipCode" time="3.594" classname="com.qa.verizon.tests.PhoneTest"/>
  <testcase name="handleCustomerType" time="4.98" classname="com.qa.verizon.tests.PhoneTest"/>
</testsuite> <!-- Regression Test -->
